<?xml version="1.0" encoding="UTF-8"?>
<!-- Generated by org.testng.reporters.JUnitXMLReporter -->
<testsuite ignored="0" hostname="DESKTOP-J61BDUF" failures="0" tests="5" name="Default test" time="32.356" errors="0" timestamp="2022-06-15T20:04:18 WIB">
  <testcase classname="com.nexsoft.cicool.TestLoginAuth" name="testLogInValid" time="2.295"/>
  <testcase classname="com.nexsoft.cicool.TestLoginAuth" name="testLogInEmailValidPasswordInvalid" time="6.812"/>
  <testcase classname="com.nexsoft.cicool.TestLoginAuth" name="testLogInEmailPasswordInvalid" time="6.637"/>
  <testcase classname="com.nexsoft.cicool.TestLoginAuth" name="testLogInEmailPasswordBlank" time="1.384"/>
  <testcase classname="com.nexsoft.cicool.TestLoginAuth" name="testForgetPassword" time="1.42"/>
</testsuite> <!-- Default test -->
