<?xml version="1.0" encoding="UTF-8"?>
<testng-results ignored="0" total="5" passed="5" failed="0" skipped="0">
  <reporter-output>
  </reporter-output>
  <suite started-at="2022-06-15T20:06:12 WIB" name="SuiteTest" finished-at="2022-06-15T20:06:42 WIB" duration-ms="30503">
    <groups>
    </groups>
    <test started-at="2022-06-15T20:06:12 WIB" name="Login Authentication" finished-at="2022-06-15T20:06:42 WIB" duration-ms="30503">
      <class name="com.nexsoft.cicool.TestLoginAuth">
        <test-method is-config="true" signature="init()[pri:0, instance:com.nexsoft.cicool.TestLoginAuth@1e1a0406]" started-at="2022-06-15T20:06:12 WIB" name="init" finished-at="2022-06-15T20:06:16 WIB" duration-ms="3721" status="PASS">
          <reporter-output>
          </reporter-output>
        </test-method> <!-- init -->
        <test-method signature="testLogInValid()[pri:1, instance:com.nexsoft.cicool.TestLoginAuth@1e1a0406]" started-at="2022-06-15T20:06:16 WIB" name="testLogInValid" finished-at="2022-06-15T20:06:18 WIB" duration-ms="2232" status="PASS">
          <reporter-output>
          </reporter-output>
        </test-method> <!-- testLogInValid -->
        <test-method is-config="true" signature="init()[pri:0, instance:com.nexsoft.cicool.TestLoginAuth@1e1a0406]" started-at="2022-06-15T20:06:18 WIB" name="init" finished-at="2022-06-15T20:06:20 WIB" duration-ms="2122" status="PASS">
          <reporter-output>
          </reporter-output>
        </test-method> <!-- init -->
        <test-method signature="testLogInEmailValidPasswordInvalid()[pri:2, instance:com.nexsoft.cicool.TestLoginAuth@1e1a0406]" started-at="2022-06-15T20:06:20 WIB" name="testLogInEmailValidPasswordInvalid" finished-at="2022-06-15T20:06:26 WIB" duration-ms="6576" status="PASS">
          <reporter-output>
          </reporter-output>
        </test-method> <!-- testLogInEmailValidPasswordInvalid -->
        <test-method is-config="true" signature="init()[pri:0, instance:com.nexsoft.cicool.TestLoginAuth@1e1a0406]" started-at="2022-06-15T20:06:26 WIB" name="init" finished-at="2022-06-15T20:06:29 WIB" duration-ms="2195" status="PASS">
          <reporter-output>
          </reporter-output>
        </test-method> <!-- init -->
        <test-method signature="testLogInEmailPasswordInvalid()[pri:3, instance:com.nexsoft.cicool.TestLoginAuth@1e1a0406]" started-at="2022-06-15T20:06:29 WIB" name="testLogInEmailPasswordInvalid" finished-at="2022-06-15T20:06:35 WIB" duration-ms="6528" status="PASS">
          <reporter-output>
          </reporter-output>
        </test-method> <!-- testLogInEmailPasswordInvalid -->
        <test-method is-config="true" signature="init()[pri:0, instance:com.nexsoft.cicool.TestLoginAuth@1e1a0406]" started-at="2022-06-15T20:06:35 WIB" name="init" finished-at="2022-06-15T20:06:37 WIB" duration-ms="2105" status="PASS">
          <reporter-output>
          </reporter-output>
        </test-method> <!-- init -->
        <test-method signature="testLogInEmailPasswordBlank()[pri:4, instance:com.nexsoft.cicool.TestLoginAuth@1e1a0406]" started-at="2022-06-15T20:06:37 WIB" name="testLogInEmailPasswordBlank" finished-at="2022-06-15T20:06:39 WIB" duration-ms="1439" status="PASS">
          <reporter-output>
          </reporter-output>
        </test-method> <!-- testLogInEmailPasswordBlank -->
        <test-method is-config="true" signature="init()[pri:0, instance:com.nexsoft.cicool.TestLoginAuth@1e1a0406]" started-at="2022-06-15T20:06:39 WIB" name="init" finished-at="2022-06-15T20:06:41 WIB" duration-ms="2164" status="PASS">
          <reporter-output>
          </reporter-output>
        </test-method> <!-- init -->
        <test-method signature="testForgetPassword()[pri:5, instance:com.nexsoft.cicool.TestLoginAuth@1e1a0406]" started-at="2022-06-15T20:06:41 WIB" name="testForgetPassword" finished-at="2022-06-15T20:06:42 WIB" duration-ms="1343" status="PASS">
          <reporter-output>
          </reporter-output>
        </test-method> <!-- testForgetPassword -->
      </class> <!-- com.nexsoft.cicool.TestLoginAuth -->
    </test> <!-- Login Authentication -->
  </suite> <!-- SuiteTest -->
</testng-results>
