<?xml version="1.0" encoding="UTF-8"?>
<!-- Generated by org.testng.reporters.JUnitXMLReporter -->
<testsuite ignored="0" hostname="DESKTOP-J61BDUF" failures="0" tests="5" name="Login Authentication" time="30.503" errors="0" timestamp="2022-06-15T20:06:42 WIB">
  <testcase classname="com.nexsoft.cicool.TestLoginAuth" name="testLogInValid" time="2.232"/>
  <testcase classname="com.nexsoft.cicool.TestLoginAuth" name="testLogInEmailValidPasswordInvalid" time="6.576"/>
  <testcase classname="com.nexsoft.cicool.TestLoginAuth" name="testLogInEmailPasswordInvalid" time="6.528"/>
  <testcase classname="com.nexsoft.cicool.TestLoginAuth" name="testLogInEmailPasswordBlank" time="1.439"/>
  <testcase classname="com.nexsoft.cicool.TestLoginAuth" name="testForgetPassword" time="1.343"/>
</testsuite> <!-- Login Authentication -->
